C:\Users\Uzivatel\Desktop\vsb-tuo\2. ročník\3. semestr\speciální programovací techniky\kulhi\5. cvic\cviceni4\cviceni4\Debug\cl.command.1.tlog
C:\Users\Uzivatel\Desktop\vsb-tuo\2. ročník\3. semestr\speciální programovací techniky\kulhi\5. cvic\cviceni4\cviceni4\Debug\CL.read.1.tlog
C:\Users\Uzivatel\Desktop\vsb-tuo\2. ročník\3. semestr\speciální programovací techniky\kulhi\5. cvic\cviceni4\cviceni4\Debug\CL.write.1.tlog
C:\USERS\UZIVATEL\DESKTOP\VSB-TUO\2. ROčNíK\3. SEMESTR\SPECIáLNí PROGRAMOVACí TECHNIKY\KULHI\5. CVIC\CVICENI4\CVICENI4\DEBUG\CVICENI4.EXE.EMBED.MANIFEST
C:\USERS\UZIVATEL\DESKTOP\VSB-TUO\2. ROčNíK\3. SEMESTR\SPECIáLNí PROGRAMOVACí TECHNIKY\KULHI\5. CVIC\CVICENI4\CVICENI4\DEBUG\CVICENI4.EXE.EMBED.MANIFEST.RES
C:\USERS\UZIVATEL\DESKTOP\VSB-TUO\2. ROčNíK\3. SEMESTR\SPECIáLNí PROGRAMOVACí TECHNIKY\KULHI\5. CVIC\CVICENI4\CVICENI4\DEBUG\CVICENI4.EXE.INTERMEDIATE.MANIFEST
C:\Users\Uzivatel\Desktop\vsb-tuo\2. ročník\3. semestr\speciální programovací techniky\kulhi\5. cvic\cviceni4\cviceni4\Debug\cviceni4.write.1.tlog
C:\Users\Uzivatel\Desktop\vsb-tuo\2. ročník\3. semestr\speciální programovací techniky\kulhi\5. cvic\cviceni4\cviceni4\Debug\cviceni4_manifest.rc
C:\USERS\UZIVATEL\DESKTOP\VSB-TUO\2. ROčNíK\3. SEMESTR\SPECIáLNí PROGRAMOVACí TECHNIKY\KULHI\5. CVIC\CVICENI4\CVICENI4\DEBUG\DOUBLE.OBJ
C:\Users\Uzivatel\Desktop\vsb-tuo\2. ročník\3. semestr\speciální programovací techniky\kulhi\5. cvic\cviceni4\cviceni4\Debug\link.13624.read.1.tlog
C:\Users\Uzivatel\Desktop\vsb-tuo\2. ročník\3. semestr\speciální programovací techniky\kulhi\5. cvic\cviceni4\cviceni4\Debug\link.13624.write.1.tlog
C:\Users\Uzivatel\Desktop\vsb-tuo\2. ročník\3. semestr\speciální programovací techniky\kulhi\5. cvic\cviceni4\cviceni4\Debug\link.13624-cvtres.read.1.tlog
C:\Users\Uzivatel\Desktop\vsb-tuo\2. ročník\3. semestr\speciální programovací techniky\kulhi\5. cvic\cviceni4\cviceni4\Debug\link.13624-cvtres.write.1.tlog
C:\Users\Uzivatel\Desktop\vsb-tuo\2. ročník\3. semestr\speciální programovací techniky\kulhi\5. cvic\cviceni4\cviceni4\Debug\link.command.1.tlog
C:\Users\Uzivatel\Desktop\vsb-tuo\2. ročník\3. semestr\speciální programovací techniky\kulhi\5. cvic\cviceni4\cviceni4\Debug\link.read.1.tlog
C:\Users\Uzivatel\Desktop\vsb-tuo\2. ročník\3. semestr\speciální programovací techniky\kulhi\5. cvic\cviceni4\cviceni4\Debug\link.write.1.tlog
C:\Users\Uzivatel\Desktop\vsb-tuo\2. ročník\3. semestr\speciální programovací techniky\kulhi\5. cvic\cviceni4\cviceni4\Debug\link-cvtres.read.1.tlog
C:\Users\Uzivatel\Desktop\vsb-tuo\2. ročník\3. semestr\speciální programovací techniky\kulhi\5. cvic\cviceni4\cviceni4\Debug\link-cvtres.write.1.tlog
C:\USERS\UZIVATEL\DESKTOP\VSB-TUO\2. ROčNíK\3. SEMESTR\SPECIáLNí PROGRAMOVACí TECHNIKY\KULHI\5. CVIC\CVICENI4\CVICENI4\DEBUG\LONGREAL.OBJ
C:\USERS\UZIVATEL\DESKTOP\VSB-TUO\2. ROčNíK\3. SEMESTR\SPECIáLNí PROGRAMOVACí TECHNIKY\KULHI\5. CVIC\CVICENI4\CVICENI4\DEBUG\MAIN.OBJ
C:\Users\Uzivatel\Desktop\vsb-tuo\2. ročník\3. semestr\speciální programovací techniky\kulhi\5. cvic\cviceni4\cviceni4\Debug\mt.command.1.tlog
C:\Users\Uzivatel\Desktop\vsb-tuo\2. ročník\3. semestr\speciální programovací techniky\kulhi\5. cvic\cviceni4\cviceni4\Debug\mt.read.1.tlog
C:\Users\Uzivatel\Desktop\vsb-tuo\2. ročník\3. semestr\speciální programovací techniky\kulhi\5. cvic\cviceni4\cviceni4\Debug\mt.write.1.tlog
C:\USERS\UZIVATEL\DESKTOP\VSB-TUO\2. ROčNíK\3. SEMESTR\SPECIáLNí PROGRAMOVACí TECHNIKY\KULHI\5. CVIC\CVICENI4\CVICENI4\DEBUG\NUMBER.OBJ
C:\Users\Uzivatel\Desktop\vsb-tuo\2. ročník\3. semestr\speciální programovací techniky\kulhi\5. cvic\cviceni4\cviceni4\Debug\rc.command.1.tlog
C:\Users\Uzivatel\Desktop\vsb-tuo\2. ročník\3. semestr\speciální programovací techniky\kulhi\5. cvic\cviceni4\cviceni4\Debug\rc.read.1.tlog
C:\Users\Uzivatel\Desktop\vsb-tuo\2. ročník\3. semestr\speciální programovací techniky\kulhi\5. cvic\cviceni4\cviceni4\Debug\rc.write.1.tlog
C:\Users\Uzivatel\Desktop\vsb-tuo\2. ročník\3. semestr\speciální programovací techniky\kulhi\5. cvic\cviceni4\cviceni4\Debug\vc100.idb
C:\USERS\UZIVATEL\DESKTOP\VSB-TUO\2. ROČNÍK\3. SEMESTR\SPECIÁLNÍ PROGRAMOVACÍ TECHNIKY\KULHI\5. CVIC\CVICENI4\CVICENI4\DEBUG\VC100.PDB
C:\USERS\UZIVATEL\DESKTOP\VSB-TUO\2. ROčNíK\3. SEMESTR\SPECIáLNí PROGRAMOVACí TECHNIKY\KULHI\5. CVIC\CVICENI4\DEBUG\CVICENI4.EXE
C:\USERS\UZIVATEL\DESKTOP\VSB-TUO\2. ROčNíK\3. SEMESTR\SPECIáLNí PROGRAMOVACí TECHNIKY\KULHI\5. CVIC\CVICENI4\DEBUG\CVICENI4.ILK
C:\USERS\UZIVATEL\DESKTOP\VSB-TUO\2. ROČNÍK\3. SEMESTR\SPECIÁLNÍ PROGRAMOVACÍ TECHNIKY\KULHI\5. CVIC\CVICENI4\DEBUG\CVICENI4.PDB
