Build started 03.11.2020 12:30:59.
     1>Project "C:\Users\Uzivatel\Desktop\vsb-tuo\2. ročník\3. semestr\speciální programovací techniky\kulhi\5. cvic\cviceni4\cviceni4\cviceni4.vcxproj" on node 2 (build target(s)).
     1>InitializeBuildStatus:
         Creating "Debug\cviceni4.unsuccessfulbuild" because "AlwaysCreate" was specified.
       ClCompile:
         All outputs are up-to-date.
       ManifestResourceCompile:
         All outputs are up-to-date.
       Link:
         C:\Program Files (x86)\Microsoft Visual Studio 10.0\VC\bin\link.exe /ERRORREPORT:PROMPT /OUT:"C:\Users\Uzivatel\Desktop\vsb-tuo\2. ročník\3. semestr\speciální programovací techniky\kulhi\5. cvic\cviceni4\Debug\cviceni4.exe" /INCREMENTAL /NOLOGO kernel32.lib user32.lib gdi32.lib winspool.lib comdlg32.lib advapi32.lib shell32.lib ole32.lib oleaut32.lib uuid.lib odbc32.lib odbccp32.lib /MANIFEST /ManifestFile:"Debug\cviceni4.exe.intermediate.manifest" /MANIFESTUAC:"level='asInvoker' uiAccess='false'" /DEBUG /PDB:"C:\Users\Uzivatel\Desktop\vsb-tuo\2. ročník\3. semestr\speciální programovací techniky\kulhi\5. cvic\cviceni4\Debug\cviceni4.pdb" /SUBSYSTEM:CONSOLE /TLBID:1 /DYNAMICBASE /NXCOMPAT /IMPLIB:"C:\Users\Uzivatel\Desktop\vsb-tuo\2. ročník\3. semestr\speciální programovací techniky\kulhi\5. cvic\cviceni4\Debug\cviceni4.lib" /MACHINE:X86 Debug\cviceni4.exe.embed.manifest.res
         Debug\Double.obj
         Debug\LongReal.obj
         Debug\main.obj
         Debug\Number.obj
       Manifest:
         C:\Program Files (x86)\Microsoft SDKs\Windows\v7.0A\bin\mt.exe /nologo /verbose /out:"Debug\cviceni4.exe.embed.manifest" /manifest Debug\cviceni4.exe.intermediate.manifest
         All outputs are up-to-date.
       LinkEmbedManifest:
         All outputs are up-to-date.
         cviceni4.vcxproj -> C:\Users\Uzivatel\Desktop\vsb-tuo\2. ročník\3. semestr\speciální programovací techniky\kulhi\5. cvic\cviceni4\Debug\cviceni4.exe
       FinalizeBuildStatus:
         Deleting file "Debug\cviceni4.unsuccessfulbuild".
         Touching "Debug\cviceni4.lastbuildstate".
     1>Done Building Project "C:\Users\Uzivatel\Desktop\vsb-tuo\2. ročník\3. semestr\speciální programovací techniky\kulhi\5. cvic\cviceni4\cviceni4\cviceni4.vcxproj" (build target(s)).

Build succeeded.

Time Elapsed 00:00:00.87
