Build started 24.09.2020 12:23:11.
     1>Project "C:\Users\Uzivatel\Desktop\vsb-tuo\2. ročník\3. semestr\spt\2 hodina\hodina 2\hodina 2\hodina 2.vcxproj" on node 2 (build target(s)).
     1>InitializeBuildStatus:
         Creating "Debug\hodina 2.unsuccessfulbuild" because "AlwaysCreate" was specified.
       ClCompile:
         C:\Program Files (x86)\Microsoft Visual Studio 10.0\VC\bin\CL.exe /c /ZI /nologo /W3 /WX- /Od /Oy- /D WIN32 /D _DEBUG /D _CONSOLE /D _UNICODE /D UNICODE /Gm /EHsc /RTC1 /MDd /GS /fp:precise /Zc:wchar_t /Zc:forScope /Fo"Debug\\" /Fd"Debug\vc100.pdb" /Gd /TP /analyze- /errorReport:prompt main.cpp
         main.cpp
       ManifestResourceCompile:
         All outputs are up-to-date.
       Link:
         C:\Program Files (x86)\Microsoft Visual Studio 10.0\VC\bin\link.exe /ERRORREPORT:PROMPT /OUT:"C:\Users\Uzivatel\Desktop\vsb-tuo\2. ročník\3. semestr\spt\2 hodina\hodina 2\Debug\hodina 2.exe" /INCREMENTAL /NOLOGO kernel32.lib user32.lib gdi32.lib winspool.lib comdlg32.lib advapi32.lib shell32.lib ole32.lib oleaut32.lib uuid.lib odbc32.lib odbccp32.lib /MANIFEST /ManifestFile:"Debug\hodina 2.exe.intermediate.manifest" /MANIFESTUAC:"level='asInvoker' uiAccess='false'" /DEBUG /PDB:"C:\Users\Uzivatel\Desktop\vsb-tuo\2. ročník\3. semestr\spt\2 hodina\hodina 2\Debug\hodina 2.pdb" /SUBSYSTEM:CONSOLE /TLBID:1 /DYNAMICBASE /NXCOMPAT /IMPLIB:"C:\Users\Uzivatel\Desktop\vsb-tuo\2. ročník\3. semestr\spt\2 hodina\hodina 2\Debug\hodina 2.lib" /MACHINE:X86 "Debug\hodina 2.exe.embed.manifest.res"
         Debug\main.obj
       Manifest:
         C:\Program Files (x86)\Microsoft SDKs\Windows\v7.0A\bin\mt.exe /nologo /verbose /out:"Debug\hodina 2.exe.embed.manifest" /manifest "Debug\hodina 2.exe.intermediate.manifest"
         All outputs are up-to-date.
       LinkEmbedManifest:
         All outputs are up-to-date.
         hodina 2.vcxproj -> C:\Users\Uzivatel\Desktop\vsb-tuo\2. ročník\3. semestr\spt\2 hodina\hodina 2\Debug\hodina 2.exe
       FinalizeBuildStatus:
         Deleting file "Debug\hodina 2.unsuccessfulbuild".
         Touching "Debug\hodina 2.lastbuildstate".
     1>Done Building Project "C:\Users\Uzivatel\Desktop\vsb-tuo\2. ročník\3. semestr\spt\2 hodina\hodina 2\hodina 2\hodina 2.vcxproj" (build target(s)).

Build succeeded.

Time Elapsed 00:00:01.83
