Build started 27.10.2020 12:15:46.
     1>Project "C:\Users\Uzivatel\Desktop\vsb-tuo\2. ročník\3. semestr\speciální programovací techniky\6. hodina\overload\overload\overload.vcxproj" on node 2 (build target(s)).
     1>InitializeBuildStatus:
         Creating "Debug\overload.unsuccessfulbuild" because "AlwaysCreate" was specified.
       ClCompile:
         All outputs are up-to-date.
       ManifestResourceCompile:
         All outputs are up-to-date.
       Link:
         C:\Program Files (x86)\Microsoft Visual Studio 10.0\VC\bin\link.exe /ERRORREPORT:PROMPT /OUT:"C:\Users\Uzivatel\Desktop\vsb-tuo\2. ročník\3. semestr\speciální programovací techniky\6. hodina\overload\Debug\overload.exe" /INCREMENTAL /NOLOGO kernel32.lib user32.lib gdi32.lib winspool.lib comdlg32.lib advapi32.lib shell32.lib ole32.lib oleaut32.lib uuid.lib odbc32.lib odbccp32.lib /MANIFEST /ManifestFile:"Debug\overload.exe.intermediate.manifest" /MANIFESTUAC:"level='asInvoker' uiAccess='false'" /DEBUG /PDB:"C:\Users\Uzivatel\Desktop\vsb-tuo\2. ročník\3. semestr\speciální programovací techniky\6. hodina\overload\Debug\overload.pdb" /SUBSYSTEM:CONSOLE /TLBID:1 /DYNAMICBASE /NXCOMPAT /IMPLIB:"C:\Users\Uzivatel\Desktop\vsb-tuo\2. ročník\3. semestr\speciální programovací techniky\6. hodina\overload\Debug\overload.lib" /MACHINE:X86 Debug\overload.exe.embed.manifest.res
         Debug\main.obj
       Manifest:
         C:\Program Files (x86)\Microsoft SDKs\Windows\v7.0A\bin\mt.exe /nologo /verbose /out:"Debug\overload.exe.embed.manifest" /manifest Debug\overload.exe.intermediate.manifest
         All outputs are up-to-date.
       LinkEmbedManifest:
         All outputs are up-to-date.
         overload.vcxproj -> C:\Users\Uzivatel\Desktop\vsb-tuo\2. ročník\3. semestr\speciální programovací techniky\6. hodina\overload\Debug\overload.exe
       FinalizeBuildStatus:
         Deleting file "Debug\overload.unsuccessfulbuild".
         Touching "Debug\overload.lastbuildstate".
     1>Done Building Project "C:\Users\Uzivatel\Desktop\vsb-tuo\2. ročník\3. semestr\speciální programovací techniky\6. hodina\overload\overload\overload.vcxproj" (build target(s)).

Build succeeded.

Time Elapsed 00:00:00.69
